<?xml version="1.0" encoding="UTF-8"?>
<!-- Generated by org.testng.reporters.JUnitReportReporter -->
<testsuite hostname="EPHUBUDW0523" name="hu.deadcode.renamer.ConfigTest" tests="3" failures="0" timestamp="8 Aug 2014 14:53:37 GMT" time="0.012" errors="0">
  <testcase name="testGetOutput" time="0.000" classname="hu.deadcode.renamer.ConfigTest"/>
  <testcase name="testGetInput" time="0.001" classname="hu.deadcode.renamer.ConfigTest"/>
  <testcase name="testGetFileTypes" time="0.011" classname="hu.deadcode.renamer.ConfigTest"/>
</testsuite> <!-- hu.deadcode.renamer.ConfigTest -->
